[2023-03-08 17:43:12.7757 INFO][ExcelToCode.Setting.Init(Setting:0)]Init tool config...
[2023-03-08 17:43:16.2826 INFO][LogUtil.Add(LogUtil:0)][测试表.xlsx]--导表完成
[2023-03-08 17:43:16.3221 INFO][LogUtil.Add(LogUtil:0)][语言表.xlsx]--导表完成
[2023-03-08 17:43:16.3529 INFO][LogUtil.Add(LogUtil:0)][道具表.xlsx]--导表完成
[2023-03-08 17:43:16.3652 INFO][LogUtil.Add(LogUtil:0)]---------导表完成-------------
[2023-03-08 17:43:16.3652 INFO][LogUtil.Add(LogUtil:0)]导表耗时：403ms
[2023-03-08 17:43:31.9849 INFO][LogUtil.Add(LogUtil:0)][测试表.xlsx]--导表完成
[2023-03-08 17:43:32.0084 INFO][LogUtil.Add(LogUtil:0)][语言表.xlsx]--导表完成
[2023-03-08 17:43:32.0290 INFO][LogUtil.Add(LogUtil:0)][道具表.xlsx]--导表完成
[2023-03-08 17:43:32.0370 INFO][LogUtil.Add(LogUtil:0)]---------导表完成-------------
[2023-03-08 17:43:32.0370 INFO][LogUtil.Add(LogUtil:0)]导表耗时：65ms
[2023-03-08 17:44:15.6905 INFO][LogUtil.Add(LogUtil:0)][测试表.xlsx]--导表完成
[2023-03-08 17:44:15.7088 INFO][LogUtil.Add(LogUtil:0)][语言表.xlsx]--导表完成
[2023-03-08 17:44:15.7256 INFO][LogUtil.Add(LogUtil:0)][道具表.xlsx]--导表完成
[2023-03-08 17:44:16.3347 INFO][LogUtil.Add(LogUtil:0)]---------导表完成-------------
[2023-03-08 17:44:16.3347 INFO][LogUtil.Add(LogUtil:0)]导表耗时：661ms
[2023-03-08 19:36:55.8204 INFO][ExcelToCode.Setting.Init(Setting:0)]Init tool config...
[2023-03-08 19:37:01.3949 INFO][LogUtil.Add(LogUtil:0)][测试表.xlsx]--导表完成
[2023-03-08 19:37:01.4304 INFO][LogUtil.Add(LogUtil:0)][语言表.xlsx]--导表完成
[2023-03-08 19:37:01.4619 INFO][LogUtil.Add(LogUtil:0)][道具表.xlsx]--导表完成
[2023-03-08 19:37:01.4725 INFO][LogUtil.Add(LogUtil:0)]---------导表完成-------------
[2023-03-08 19:37:01.4725 INFO][LogUtil.Add(LogUtil:0)]导表耗时：375ms
[2023-03-08 19:42:42.3141 INFO][ExcelToCode.Setting.Init(Setting:0)]Init tool config...
[2023-03-08 19:42:44.4001 INFO][LogUtil.Add(LogUtil:0)][测试表.xlsx]--导表完成
[2023-03-08 19:42:44.4340 INFO][LogUtil.Add(LogUtil:0)][语言表.xlsx]--导表完成
[2023-03-08 19:42:44.4670 INFO][LogUtil.Add(LogUtil:0)][道具表.xlsx]--导表完成
[2023-03-08 19:42:44.4670 INFO][LogUtil.Add(LogUtil:0)]---------导表完成-------------
[2023-03-08 19:42:44.4670 INFO][LogUtil.Add(LogUtil:0)]导表耗时：317ms
[2023-03-08 20:22:44.1771 INFO][ExcelToCode.Setting.Init(Setting:0)]Init tool config...
[2023-03-08 20:22:45.7909 INFO][LogUtil.Add(LogUtil:0)][测试表.xlsx]--导表完成
[2023-03-08 20:22:45.8296 INFO][LogUtil.Add(LogUtil:0)][语言表.xlsx]--导表完成
[2023-03-08 20:22:45.8650 INFO][LogUtil.Add(LogUtil:0)][道具表.xlsx]--导表完成
[2023-03-08 20:22:46.4246 INFO][LogUtil.Add(LogUtil:0)]---------导表完成-------------
[2023-03-08 20:22:46.4246 INFO][LogUtil.Add(LogUtil:0)]导表耗时：887ms
